{"C:\\Users\\dell\\Desktop\\node_api_rest_mongo_\\builders\\author.builder.js": {"path":"C:\\Users\\dell\\Desktop\\node_api_rest_mongo_\\builders\\author.builder.js","statementMap":{"0":{"start":{"line":1,"column":0},"end":{"line":6,"column":2}},"1":{"start":{"line":2,"column":78},"end":{"line":5,"column":3}}},"fnMap":{"0":{"name":"(anonymous_0)","decl":{"start":{"line":2,"column":10},"end":{"line":2,"column":11}},"loc":{"start":{"line":2,"column":78},"end":{"line":5,"column":3}},"line":2}},"branchMap":{"0":{"loc":{"start":{"line":2,"column":11},"end":{"line":2,"column":72}},"type":"default-arg","locations":[{"start":{"line":2,"column":70},"end":{"line":2,"column":72}}],"line":2},"1":{"loc":{"start":{"line":2,"column":13},"end":{"line":2,"column":33}},"type":"default-arg","locations":[{"start":{"line":2,"column":20},"end":{"line":2,"column":33}}],"line":2},"2":{"loc":{"start":{"line":2,"column":35},"end":{"line":2,"column":65}},"type":"default-arg","locations":[{"start":{"line":2,"column":51},"end":{"line":2,"column":65}}],"line":2}},"s":{"0":1,"1":1},"f":{"0":1},"b":{"0":[1],"1":[1],"2":[1]},"_coverageSchema":"1a1c01bbd47fc00a2c39e90264f33305004495a9","hash":"eb843597ae6b9a109a547eb6b0d24e54f676a677"}
,"C:\\Users\\dell\\Desktop\\node_api_rest_mongo_\\db\\index.js": {"path":"C:\\Users\\dell\\Desktop\\node_api_rest_mongo_\\db\\index.js","statementMap":{"0":{"start":{"line":1,"column":17},"end":{"line":1,"column":36}},"1":{"start":{"line":2,"column":30},"end":{"line":2,"column":62}},"2":{"start":{"line":4,"column":0},"end":{"line":4,"column":27}},"3":{"start":{"line":5,"column":18},"end":{"line":5,"column":35}},"4":{"start":{"line":7,"column":0},"end":{"line":13,"column":2}},"5":{"start":{"line":8,"column":2},"end":{"line":8,"column":49}},"6":{"start":{"line":9,"column":2},"end":{"line":11,"column":3}},"7":{"start":{"line":10,"column":4},"end":{"line":10,"column":32}},"8":{"start":{"line":12,"column":2},"end":{"line":12,"column":31}},"9":{"start":{"line":15,"column":0},"end":{"line":21,"column":2}},"10":{"start":{"line":16,"column":2},"end":{"line":16,"column":30}},"11":{"start":{"line":18,"column":2},"end":{"line":20,"column":5}},"12":{"start":{"line":19,"column":4},"end":{"line":19,"column":61}},"13":{"start":{"line":23,"column":0},"end":{"line":29,"column":2}},"14":{"start":{"line":24,"column":2},"end":{"line":24,"column":36}},"15":{"start":{"line":26,"column":2},"end":{"line":28,"column":3}},"16":{"start":{"line":27,"column":4},"end":{"line":27,"column":29}}},"fnMap":{"0":{"name":"(anonymous_0)","decl":{"start":{"line":7,"column":24},"end":{"line":7,"column":25}},"loc":{"start":{"line":7,"column":36},"end":{"line":13,"column":1}},"line":7},"1":{"name":"(anonymous_1)","decl":{"start":{"line":15,"column":25},"end":{"line":15,"column":26}},"loc":{"start":{"line":15,"column":44},"end":{"line":21,"column":1}},"line":15},"2":{"name":"(anonymous_2)","decl":{"start":{"line":18,"column":35},"end":{"line":18,"column":36}},"loc":{"start":{"line":18,"column":41},"end":{"line":20,"column":3}},"line":18},"3":{"name":"(anonymous_3)","decl":{"start":{"line":23,"column":25},"end":{"line":23,"column":26}},"loc":{"start":{"line":23,"column":37},"end":{"line":29,"column":1}},"line":23}},"branchMap":{"0":{"loc":{"start":{"line":9,"column":2},"end":{"line":11,"column":3}},"type":"if","locations":[{"start":{"line":9,"column":2},"end":{"line":11,"column":3}},{"start":{},"end":{}}],"line":9},"1":{"loc":{"start":{"line":26,"column":2},"end":{"line":28,"column":3}},"type":"if","locations":[{"start":{"line":26,"column":2},"end":{"line":28,"column":3}},{"start":{},"end":{}}],"line":26}},"s":{"0":1,"1":1,"2":1,"3":1,"4":1,"5":1,"6":1,"7":1,"8":0,"9":1,"10":1,"11":1,"12":0,"13":1,"14":1,"15":1,"16":1},"f":{"0":1,"1":1,"2":0,"3":1},"b":{"0":[1,0],"1":[1,0]},"_coverageSchema":"1a1c01bbd47fc00a2c39e90264f33305004495a9","hash":"3b20bb288583f3bac5d04f70837feebb8433609b"}
,"C:\\Users\\dell\\Desktop\\node_api_rest_mongo_\\src\\app.js": {"path":"C:\\Users\\dell\\Desktop\\node_api_rest_mongo_\\src\\app.js","statementMap":{"0":{"start":{"line":1,"column":16},"end":{"line":1,"column":34}},"1":{"start":{"line":2,"column":15},"end":{"line":2,"column":32}},"2":{"start":{"line":3,"column":23},"end":{"line":3,"column":49}},"3":{"start":{"line":4,"column":14},"end":{"line":4,"column":38}},"4":{"start":{"line":5,"column":16},"end":{"line":5,"column":42}},"5":{"start":{"line":7,"column":19},"end":{"line":7,"column":48}},"6":{"start":{"line":8,"column":17},"end":{"line":8,"column":36}},"7":{"start":{"line":9,"column":19},"end":{"line":9,"column":41}},"8":{"start":{"line":10,"column":19},"end":{"line":10,"column":36}},"9":{"start":{"line":11,"column":13},"end":{"line":11,"column":28}},"10":{"start":{"line":12,"column":17},"end":{"line":12,"column":36}},"11":{"start":{"line":13,"column":0},"end":{"line":13,"column":29}},"12":{"start":{"line":14,"column":28},"end":{"line":14,"column":44}},"13":{"start":{"line":16,"column":0},"end":{"line":16,"column":9}},"14":{"start":{"line":18,"column":19},"end":{"line":18,"column":50}},"15":{"start":{"line":19,"column":21},"end":{"line":19,"column":54}},"16":{"start":{"line":20,"column":20},"end":{"line":20,"column":52}},"17":{"start":{"line":21,"column":19},"end":{"line":21,"column":50}},"18":{"start":{"line":24,"column":12},"end":{"line":24,"column":21}},"19":{"start":{"line":26,"column":0},"end":{"line":26,"column":51}},"20":{"start":{"line":27,"column":0},"end":{"line":27,"column":27}},"21":{"start":{"line":30,"column":0},"end":{"line":30,"column":23}},"22":{"start":{"line":32,"column":0},"end":{"line":32,"column":35}},"23":{"start":{"line":34,"column":0},"end":{"line":40,"column":2}},"24":{"start":{"line":41,"column":0},"end":{"line":41,"column":31}},"25":{"start":{"line":42,"column":0},"end":{"line":42,"column":28}},"26":{"start":{"line":43,"column":0},"end":{"line":43,"column":17}},"27":{"start":{"line":45,"column":0},"end":{"line":51,"column":3}},"28":{"start":{"line":46,"column":2},"end":{"line":46,"column":44}},"29":{"start":{"line":47,"column":2},"end":{"line":47,"column":48}},"30":{"start":{"line":48,"column":2},"end":{"line":48,"column":40}},"31":{"start":{"line":49,"column":2},"end":{"line":49,"column":37}},"32":{"start":{"line":50,"column":2},"end":{"line":50,"column":9}},"33":{"start":{"line":55,"column":0},"end":{"line":55,"column":48}},"34":{"start":{"line":56,"column":0},"end":{"line":64,"column":2}},"35":{"start":{"line":65,"column":0},"end":{"line":65,"column":31}},"36":{"start":{"line":68,"column":0},"end":{"line":68,"column":56}},"37":{"start":{"line":70,"column":0},"end":{"line":70,"column":77}},"38":{"start":{"line":80,"column":0},"end":{"line":80,"column":26}},"39":{"start":{"line":81,"column":0},"end":{"line":81,"column":30}},"40":{"start":{"line":82,"column":0},"end":{"line":82,"column":34}},"41":{"start":{"line":83,"column":0},"end":{"line":83,"column":30}},"42":{"start":{"line":85,"column":13},"end":{"line":85,"column":37}},"43":{"start":{"line":91,"column":0},"end":{"line":95,"column":1}},"44":{"start":{"line":92,"column":2},"end":{"line":94,"column":5}},"45":{"start":{"line":93,"column":4},"end":{"line":93,"column":52}},"46":{"start":{"line":97,"column":0},"end":{"line":97,"column":21}}},"fnMap":{"0":{"name":"(anonymous_0)","decl":{"start":{"line":45,"column":8},"end":{"line":45,"column":9}},"loc":{"start":{"line":45,"column":28},"end":{"line":51,"column":1}},"line":45},"1":{"name":"(anonymous_1)","decl":{"start":{"line":92,"column":19},"end":{"line":92,"column":20}},"loc":{"start":{"line":92,"column":25},"end":{"line":94,"column":3}},"line":92}},"branchMap":{"0":{"loc":{"start":{"line":49,"column":20},"end":{"line":49,"column":36}},"type":"binary-expr","locations":[{"start":{"line":49,"column":20},"end":{"line":49,"column":28}},{"start":{"line":49,"column":32},"end":{"line":49,"column":36}}],"line":49},"1":{"loc":{"start":{"line":85,"column":13},"end":{"line":85,"column":37}},"type":"binary-expr","locations":[{"start":{"line":85,"column":13},"end":{"line":85,"column":29}},{"start":{"line":85,"column":33},"end":{"line":85,"column":37}}],"line":85},"2":{"loc":{"start":{"line":91,"column":0},"end":{"line":95,"column":1}},"type":"if","locations":[{"start":{"line":91,"column":0},"end":{"line":95,"column":1}},{"start":{},"end":{}}],"line":91}},"s":{"0":1,"1":1,"2":1,"3":1,"4":1,"5":1,"6":1,"7":1,"8":1,"9":1,"10":1,"11":1,"12":1,"13":1,"14":1,"15":1,"16":1,"17":1,"18":1,"19":1,"20":1,"21":1,"22":1,"23":1,"24":1,"25":1,"26":1,"27":1,"28":1,"29":1,"30":1,"31":1,"32":1,"33":1,"34":1,"35":1,"36":1,"37":1,"38":1,"39":1,"40":1,"41":1,"42":1,"43":1,"44":0,"45":0,"46":1},"f":{"0":1,"1":0},"b":{"0":[1,1],"1":[1,0],"2":[0,1]},"_coverageSchema":"1a1c01bbd47fc00a2c39e90264f33305004495a9","hash":"1a8ecd1defbc3a5df0b53c6ebd9196a3634cc138"}
,"C:\\Users\\dell\\Desktop\\node_api_rest_mongo_\\src\\config.js": {"path":"C:\\Users\\dell\\Desktop\\node_api_rest_mongo_\\src\\config.js","statementMap":{"0":{"start":{"line":1,"column":19},"end":{"line":1,"column":36}},"1":{"start":{"line":2,"column":0},"end":{"line":2,"column":9}},"2":{"start":{"line":4,"column":0},"end":{"line":4,"column":16}},"3":{"start":{"line":6,"column":0},"end":{"line":6,"column":43}},"4":{"start":{"line":7,"column":0},"end":{"line":7,"column":35}},"5":{"start":{"line":8,"column":0},"end":{"line":8,"column":42}},"6":{"start":{"line":9,"column":0},"end":{"line":9,"column":47}},"7":{"start":{"line":10,"column":0},"end":{"line":10,"column":49}},"8":{"start":{"line":12,"column":0},"end":{"line":12,"column":28}}},"fnMap":{},"branchMap":{},"s":{"0":1,"1":1,"2":1,"3":1,"4":1,"5":1,"6":1,"7":1,"8":1},"f":{},"b":{},"_coverageSchema":"1a1c01bbd47fc00a2c39e90264f33305004495a9","hash":"61cc7456070cd0981bb5aa74632bd43bfe976c57"}
,"C:\\Users\\dell\\Desktop\\node_api_rest_mongo_\\src\\config\\passport.js": {"path":"C:\\Users\\dell\\Desktop\\node_api_rest_mongo_\\src\\config\\passport.js","statementMap":{"0":{"start":{"line":1,"column":17},"end":{"line":1,"column":36}},"1":{"start":{"line":3,"column":22},"end":{"line":3,"column":56}},"2":{"start":{"line":4,"column":13},"end":{"line":4,"column":44}},"3":{"start":{"line":6,"column":0},"end":{"line":28,"column":2}},"4":{"start":{"line":14,"column":19},"end":{"line":14,"column":48}},"5":{"start":{"line":15,"column":6},"end":{"line":25,"column":7}},"6":{"start":{"line":16,"column":8},"end":{"line":16,"column":64}},"7":{"start":{"line":19,"column":22},"end":{"line":19,"column":56}},"8":{"start":{"line":20,"column":8},"end":{"line":24,"column":9}},"9":{"start":{"line":21,"column":10},"end":{"line":21,"column":34}},"10":{"start":{"line":23,"column":10},"end":{"line":23,"column":66}},"11":{"start":{"line":30,"column":0},"end":{"line":32,"column":3}},"12":{"start":{"line":31,"column":2},"end":{"line":31,"column":22}},"13":{"start":{"line":34,"column":0},"end":{"line":45,"column":3}},"14":{"start":{"line":38,"column":2},"end":{"line":44,"column":7}},"15":{"start":{"line":40,"column":6},"end":{"line":40,"column":23}},"16":{"start":{"line":43,"column":6},"end":{"line":43,"column":22}}},"fnMap":{"0":{"name":"(anonymous_0)","decl":{"start":{"line":12,"column":4},"end":{"line":12,"column":5}},"loc":{"start":{"line":12,"column":37},"end":{"line":26,"column":5}},"line":12},"1":{"name":"(anonymous_1)","decl":{"start":{"line":30,"column":23},"end":{"line":30,"column":24}},"loc":{"start":{"line":30,"column":39},"end":{"line":32,"column":1}},"line":30},"2":{"name":"(anonymous_2)","decl":{"start":{"line":34,"column":25},"end":{"line":34,"column":26}},"loc":{"start":{"line":34,"column":45},"end":{"line":45,"column":1}},"line":34},"3":{"name":"(anonymous_3)","decl":{"start":{"line":39,"column":10},"end":{"line":39,"column":11}},"loc":{"start":{"line":39,"column":20},"end":{"line":41,"column":5}},"line":39},"4":{"name":"(anonymous_4)","decl":{"start":{"line":42,"column":11},"end":{"line":42,"column":12}},"loc":{"start":{"line":42,"column":20},"end":{"line":44,"column":5}},"line":42}},"branchMap":{"0":{"loc":{"start":{"line":15,"column":6},"end":{"line":25,"column":7}},"type":"if","locations":[{"start":{"line":15,"column":6},"end":{"line":25,"column":7}},{"start":{"line":17,"column":13},"end":{"line":25,"column":7}}],"line":15},"1":{"loc":{"start":{"line":20,"column":8},"end":{"line":24,"column":9}},"type":"if","locations":[{"start":{"line":20,"column":8},"end":{"line":24,"column":9}},{"start":{"line":22,"column":15},"end":{"line":24,"column":9}}],"line":20}},"s":{"0":1,"1":1,"2":1,"3":1,"4":0,"5":0,"6":0,"7":0,"8":0,"9":0,"10":0,"11":1,"12":0,"13":1,"14":0,"15":0,"16":0},"f":{"0":0,"1":0,"2":0,"3":0,"4":0},"b":{"0":[0,0],"1":[0,0]},"_coverageSchema":"1a1c01bbd47fc00a2c39e90264f33305004495a9","hash":"daa7be525e86eb220aba32d328784b6061cc1a53"}
,"C:\\Users\\dell\\Desktop\\node_api_rest_mongo_\\src\\controllers\\author.controller.js": {"path":"C:\\Users\\dell\\Desktop\\node_api_rest_mongo_\\src\\controllers\\author.controller.js","statementMap":{"0":{"start":{"line":1,"column":19},"end":{"line":1,"column":50}},"1":{"start":{"line":2,"column":19},"end":{"line":2,"column":21}},"2":{"start":{"line":4,"column":0},"end":{"line":6,"column":2}},"3":{"start":{"line":5,"column":2},"end":{"line":5,"column":35}},"4":{"start":{"line":8,"column":0},"end":{"line":27,"column":2}},"5":{"start":{"line":9,"column":19},"end":{"line":9,"column":27}},"6":{"start":{"line":10,"column":2},"end":{"line":14,"column":3}},"7":{"start":{"line":11,"column":4},"end":{"line":13,"column":7}},"8":{"start":{"line":15,"column":17},"end":{"line":15,"column":37}},"9":{"start":{"line":16,"column":2},"end":{"line":16,"column":37}},"10":{"start":{"line":17,"column":2},"end":{"line":26,"column":3}},"11":{"start":{"line":18,"column":22},"end":{"line":18,"column":41}},"12":{"start":{"line":19,"column":4},"end":{"line":19,"column":54}},"13":{"start":{"line":21,"column":4},"end":{"line":21,"column":41}},"14":{"start":{"line":23,"column":4},"end":{"line":25,"column":7}},"15":{"start":{"line":29,"column":0},"end":{"line":34,"column":2}},"16":{"start":{"line":30,"column":18},"end":{"line":32,"column":11}},"17":{"start":{"line":33,"column":2},"end":{"line":33,"column":58}},"18":{"start":{"line":36,"column":0},"end":{"line":43,"column":2}},"19":{"start":{"line":37,"column":17},"end":{"line":37,"column":60}},"20":{"start":{"line":38,"column":2},"end":{"line":41,"column":3}},"21":{"start":{"line":39,"column":4},"end":{"line":39,"column":45}},"22":{"start":{"line":40,"column":4},"end":{"line":40,"column":48}},"23":{"start":{"line":42,"column":2},"end":{"line":42,"column":56}},"24":{"start":{"line":45,"column":0},"end":{"line":50,"column":2}},"25":{"start":{"line":46,"column":19},"end":{"line":46,"column":27}},"26":{"start":{"line":47,"column":2},"end":{"line":47,"column":64}},"27":{"start":{"line":48,"column":2},"end":{"line":48,"column":54}},"28":{"start":{"line":49,"column":2},"end":{"line":49,"column":39}},"29":{"start":{"line":52,"column":0},"end":{"line":56,"column":2}},"30":{"start":{"line":53,"column":2},"end":{"line":53,"column":48}},"31":{"start":{"line":54,"column":2},"end":{"line":54,"column":44}},"32":{"start":{"line":55,"column":2},"end":{"line":55,"column":39}},"33":{"start":{"line":58,"column":0},"end":{"line":58,"column":28}}},"fnMap":{"0":{"name":"(anonymous_0)","decl":{"start":{"line":4,"column":30},"end":{"line":4,"column":31}},"loc":{"start":{"line":4,"column":44},"end":{"line":6,"column":1}},"line":4},"1":{"name":"(anonymous_1)","decl":{"start":{"line":8,"column":29},"end":{"line":8,"column":30}},"loc":{"start":{"line":8,"column":49},"end":{"line":27,"column":1}},"line":8},"2":{"name":"(anonymous_2)","decl":{"start":{"line":29,"column":27},"end":{"line":29,"column":28}},"loc":{"start":{"line":29,"column":47},"end":{"line":34,"column":1}},"line":29},"3":{"name":"(anonymous_3)","decl":{"start":{"line":36,"column":28},"end":{"line":36,"column":29}},"loc":{"start":{"line":36,"column":48},"end":{"line":43,"column":1}},"line":36},"4":{"name":"(anonymous_4)","decl":{"start":{"line":45,"column":26},"end":{"line":45,"column":27}},"loc":{"start":{"line":45,"column":46},"end":{"line":50,"column":1}},"line":45},"5":{"name":"(anonymous_5)","decl":{"start":{"line":52,"column":26},"end":{"line":52,"column":27}},"loc":{"start":{"line":52,"column":46},"end":{"line":56,"column":1}},"line":52}},"branchMap":{"0":{"loc":{"start":{"line":10,"column":2},"end":{"line":14,"column":3}},"type":"if","locations":[{"start":{"line":10,"column":2},"end":{"line":14,"column":3}},{"start":{},"end":{}}],"line":10},"1":{"loc":{"start":{"line":38,"column":2},"end":{"line":41,"column":3}},"type":"if","locations":[{"start":{"line":38,"column":2},"end":{"line":41,"column":3}},{"start":{},"end":{}}],"line":38}},"s":{"0":1,"1":1,"2":1,"3":0,"4":1,"5":0,"6":0,"7":0,"8":0,"9":0,"10":0,"11":0,"12":0,"13":0,"14":0,"15":1,"16":0,"17":0,"18":1,"19":0,"20":0,"21":0,"22":0,"23":0,"24":1,"25":0,"26":0,"27":0,"28":0,"29":1,"30":0,"31":0,"32":0,"33":1},"f":{"0":0,"1":0,"2":0,"3":0,"4":0,"5":0},"b":{"0":[0,0],"1":[0,0]},"_coverageSchema":"1a1c01bbd47fc00a2c39e90264f33305004495a9","hash":"b278a91bc50a72f7f5c602e3a2cae6e217968cde"}
,"C:\\Users\\dell\\Desktop\\node_api_rest_mongo_\\src\\controllers\\index.controller.js": {"path":"C:\\Users\\dell\\Desktop\\node_api_rest_mongo_\\src\\controllers\\index.controller.js","statementMap":{"0":{"start":{"line":1,"column":18},"end":{"line":1,"column":20}},"1":{"start":{"line":3,"column":0},"end":{"line":5,"column":2}},"2":{"start":{"line":4,"column":2},"end":{"line":4,"column":22}},"3":{"start":{"line":7,"column":0},"end":{"line":9,"column":2}},"4":{"start":{"line":8,"column":2},"end":{"line":8,"column":22}},"5":{"start":{"line":11,"column":0},"end":{"line":11,"column":27}}},"fnMap":{"0":{"name":"(anonymous_0)","decl":{"start":{"line":3,"column":24},"end":{"line":3,"column":25}},"loc":{"start":{"line":3,"column":38},"end":{"line":5,"column":1}},"line":3},"1":{"name":"(anonymous_1)","decl":{"start":{"line":7,"column":24},"end":{"line":7,"column":25}},"loc":{"start":{"line":7,"column":38},"end":{"line":9,"column":1}},"line":7}},"branchMap":{},"s":{"0":1,"1":1,"2":0,"3":1,"4":0,"5":1},"f":{"0":0,"1":0},"b":{},"_coverageSchema":"1a1c01bbd47fc00a2c39e90264f33305004495a9","hash":"7bf256b88c173d20bacab4e48341e6cda56d38da"}
,"C:\\Users\\dell\\Desktop\\node_api_rest_mongo_\\src\\controllers\\user.controller.js": {"path":"C:\\Users\\dell\\Desktop\\node_api_rest_mongo_\\src\\controllers\\user.controller.js","statementMap":{"0":{"start":{"line":1,"column":17},"end":{"line":1,"column":36}},"1":{"start":{"line":2,"column":18},"end":{"line":2,"column":20}},"2":{"start":{"line":3,"column":13},"end":{"line":3,"column":44}},"3":{"start":{"line":5,"column":0},"end":{"line":7,"column":2}},"4":{"start":{"line":6,"column":2},"end":{"line":6,"column":29}},"5":{"start":{"line":9,"column":0},"end":{"line":37,"column":2}},"6":{"start":{"line":10,"column":17},"end":{"line":10,"column":19}},"7":{"start":{"line":11,"column":54},"end":{"line":11,"column":62}},"8":{"start":{"line":12,"column":2},"end":{"line":14,"column":3}},"9":{"start":{"line":13,"column":4},"end":{"line":13,"column":52}},"10":{"start":{"line":15,"column":2},"end":{"line":17,"column":3}},"11":{"start":{"line":16,"column":4},"end":{"line":16,"column":69}},"12":{"start":{"line":18,"column":2},"end":{"line":36,"column":3}},"13":{"start":{"line":19,"column":4},"end":{"line":19,"column":56}},"14":{"start":{"line":21,"column":22},"end":{"line":21,"column":58}},"15":{"start":{"line":22,"column":4},"end":{"line":35,"column":5}},"16":{"start":{"line":23,"column":6},"end":{"line":23,"column":60}},"17":{"start":{"line":24,"column":6},"end":{"line":24,"column":42}},"18":{"start":{"line":26,"column":22},"end":{"line":26,"column":57}},"19":{"start":{"line":27,"column":6},"end":{"line":30,"column":7}},"20":{"start":{"line":28,"column":29},"end":{"line":28,"column":37}},"21":{"start":{"line":29,"column":8},"end":{"line":29,"column":60}},"22":{"start":{"line":31,"column":6},"end":{"line":31,"column":64}},"23":{"start":{"line":32,"column":6},"end":{"line":32,"column":27}},"24":{"start":{"line":33,"column":6},"end":{"line":33,"column":46}},"25":{"start":{"line":34,"column":6},"end":{"line":34,"column":42}},"26":{"start":{"line":39,"column":0},"end":{"line":41,"column":2}},"27":{"start":{"line":40,"column":2},"end":{"line":40,"column":29}},"28":{"start":{"line":43,"column":0},"end":{"line":47,"column":3}},"29":{"start":{"line":49,"column":0},"end":{"line":55,"column":2}},"30":{"start":{"line":50,"column":2},"end":{"line":54,"column":5}},"31":{"start":{"line":51,"column":4},"end":{"line":51,"column":30}},"32":{"start":{"line":51,"column":13},"end":{"line":51,"column":30}},"33":{"start":{"line":52,"column":4},"end":{"line":52,"column":52}},"34":{"start":{"line":53,"column":4},"end":{"line":53,"column":40}},"35":{"start":{"line":57,"column":0},"end":{"line":57,"column":27}}},"fnMap":{"0":{"name":"(anonymous_0)","decl":{"start":{"line":5,"column":29},"end":{"line":5,"column":30}},"loc":{"start":{"line":5,"column":43},"end":{"line":7,"column":1}},"line":5},"1":{"name":"(anonymous_1)","decl":{"start":{"line":9,"column":19},"end":{"line":9,"column":20}},"loc":{"start":{"line":9,"column":39},"end":{"line":37,"column":1}},"line":9},"2":{"name":"(anonymous_2)","decl":{"start":{"line":39,"column":29},"end":{"line":39,"column":30}},"loc":{"start":{"line":39,"column":43},"end":{"line":41,"column":1}},"line":39},"3":{"name":"(anonymous_3)","decl":{"start":{"line":49,"column":19},"end":{"line":49,"column":20}},"loc":{"start":{"line":49,"column":45},"end":{"line":55,"column":1}},"line":49},"4":{"name":"(anonymous_4)","decl":{"start":{"line":50,"column":19},"end":{"line":50,"column":20}},"loc":{"start":{"line":50,"column":28},"end":{"line":54,"column":3}},"line":50}},"branchMap":{"0":{"loc":{"start":{"line":12,"column":2},"end":{"line":14,"column":3}},"type":"if","locations":[{"start":{"line":12,"column":2},"end":{"line":14,"column":3}},{"start":{},"end":{}}],"line":12},"1":{"loc":{"start":{"line":15,"column":2},"end":{"line":17,"column":3}},"type":"if","locations":[{"start":{"line":15,"column":2},"end":{"line":17,"column":3}},{"start":{},"end":{}}],"line":15},"2":{"loc":{"start":{"line":18,"column":2},"end":{"line":36,"column":3}},"type":"if","locations":[{"start":{"line":18,"column":2},"end":{"line":36,"column":3}},{"start":{"line":20,"column":9},"end":{"line":36,"column":3}}],"line":18},"3":{"loc":{"start":{"line":22,"column":4},"end":{"line":35,"column":5}},"type":"if","locations":[{"start":{"line":22,"column":4},"end":{"line":35,"column":5}},{"start":{"line":25,"column":11},"end":{"line":35,"column":5}}],"line":22},"4":{"loc":{"start":{"line":27,"column":6},"end":{"line":30,"column":7}},"type":"if","locations":[{"start":{"line":27,"column":6},"end":{"line":30,"column":7}},{"start":{},"end":{}}],"line":27},"5":{"loc":{"start":{"line":51,"column":4},"end":{"line":51,"column":30}},"type":"if","locations":[{"start":{"line":51,"column":4},"end":{"line":51,"column":30}},{"start":{},"end":{}}],"line":51}},"s":{"0":1,"1":1,"2":1,"3":1,"4":0,"5":1,"6":0,"7":0,"8":0,"9":0,"10":0,"11":0,"12":0,"13":0,"14":0,"15":0,"16":0,"17":0,"18":0,"19":0,"20":0,"21":0,"22":0,"23":0,"24":0,"25":0,"26":1,"27":0,"28":1,"29":1,"30":0,"31":0,"32":0,"33":0,"34":0,"35":1},"f":{"0":0,"1":0,"2":0,"3":0,"4":0},"b":{"0":[0,0],"1":[0,0],"2":[0,0],"3":[0,0],"4":[0,0],"5":[0,0]},"_coverageSchema":"1a1c01bbd47fc00a2c39e90264f33305004495a9","hash":"6c809b051cbcae5aed2d82dbd764bb920b6c0250"}
,"C:\\Users\\dell\\Desktop\\node_api_rest_mongo_\\src\\helpers\\auth.js": {"path":"C:\\Users\\dell\\Desktop\\node_api_rest_mongo_\\src\\helpers\\auth.js","statementMap":{"0":{"start":{"line":1,"column":16},"end":{"line":1,"column":18}},"1":{"start":{"line":3,"column":0},"end":{"line":9,"column":2}},"2":{"start":{"line":4,"column":2},"end":{"line":6,"column":3}},"3":{"start":{"line":5,"column":4},"end":{"line":5,"column":18}},"4":{"start":{"line":7,"column":2},"end":{"line":7,"column":43}},"5":{"start":{"line":8,"column":2},"end":{"line":8,"column":38}},"6":{"start":{"line":11,"column":0},"end":{"line":11,"column":25}}},"fnMap":{"0":{"name":"(anonymous_0)","decl":{"start":{"line":3,"column":26},"end":{"line":3,"column":27}},"loc":{"start":{"line":3,"column":46},"end":{"line":9,"column":1}},"line":3}},"branchMap":{"0":{"loc":{"start":{"line":4,"column":2},"end":{"line":6,"column":3}},"type":"if","locations":[{"start":{"line":4,"column":2},"end":{"line":6,"column":3}},{"start":{},"end":{}}],"line":4}},"s":{"0":1,"1":1,"2":0,"3":0,"4":0,"5":0,"6":1},"f":{"0":0},"b":{"0":[0,0]},"_coverageSchema":"1a1c01bbd47fc00a2c39e90264f33305004495a9","hash":"d207f46f7a9514e60672365768c21944292eea0a"}
,"C:\\Users\\dell\\Desktop\\node_api_rest_mongo_\\src\\helpers\\storage.js": {"path":"C:\\Users\\dell\\Desktop\\node_api_rest_mongo_\\src\\helpers\\storage.js","statementMap":{"0":{"start":{"line":1,"column":15},"end":{"line":1,"column":32}},"1":{"start":{"line":3,"column":16},"end":{"line":11,"column":2}},"2":{"start":{"line":5,"column":4},"end":{"line":5,"column":37}},"3":{"start":{"line":8,"column":17},"end":{"line":8,"column":69}},"4":{"start":{"line":9,"column":4},"end":{"line":9,"column":38}},"5":{"start":{"line":13,"column":15},"end":{"line":13,"column":34}},"6":{"start":{"line":15,"column":0},"end":{"line":15,"column":24}}},"fnMap":{"0":{"name":"(anonymous_0)","decl":{"start":{"line":4,"column":15},"end":{"line":4,"column":16}},"loc":{"start":{"line":4,"column":40},"end":{"line":6,"column":3}},"line":4},"1":{"name":"(anonymous_1)","decl":{"start":{"line":7,"column":12},"end":{"line":7,"column":13}},"loc":{"start":{"line":7,"column":37},"end":{"line":10,"column":3}},"line":7}},"branchMap":{},"s":{"0":1,"1":1,"2":0,"3":0,"4":0,"5":1,"6":1},"f":{"0":0,"1":0},"b":{},"_coverageSchema":"1a1c01bbd47fc00a2c39e90264f33305004495a9","hash":"eae370492b9f1a9c28f637d08b87e1267d1781be"}
,"C:\\Users\\dell\\Desktop\\node_api_rest_mongo_\\src\\middleware\\middleware_auth.js": {"path":"C:\\Users\\dell\\Desktop\\node_api_rest_mongo_\\src\\middleware\\middleware_auth.js","statementMap":{"0":{"start":{"line":1,"column":19},"end":{"line":1,"column":37}},"1":{"start":{"line":2,"column":12},"end":{"line":2,"column":35}},"2":{"start":{"line":3,"column":23},"end":{"line":3,"column":43}},"3":{"start":{"line":5,"column":20},"end":{"line":5,"column":28}},"4":{"start":{"line":7,"column":0},"end":{"line":26,"column":3}},"5":{"start":{"line":8,"column":14},"end":{"line":8,"column":75}},"6":{"start":{"line":10,"column":2},"end":{"line":12,"column":3}},"7":{"start":{"line":11,"column":4},"end":{"line":11,"column":79}},"8":{"start":{"line":13,"column":2},"end":{"line":25,"column":3}},"9":{"start":{"line":14,"column":4},"end":{"line":14,"column":41}},"10":{"start":{"line":15,"column":4},"end":{"line":24,"column":7}},"11":{"start":{"line":16,"column":6},"end":{"line":23,"column":7}},"12":{"start":{"line":17,"column":8},"end":{"line":19,"column":62}},"13":{"start":{"line":21,"column":8},"end":{"line":21,"column":30}},"14":{"start":{"line":22,"column":8},"end":{"line":22,"column":15}},"15":{"start":{"line":28,"column":0},"end":{"line":28,"column":29}}},"fnMap":{"0":{"name":"(anonymous_0)","decl":{"start":{"line":7,"column":16},"end":{"line":7,"column":17}},"loc":{"start":{"line":7,"column":36},"end":{"line":26,"column":1}},"line":7},"1":{"name":"(anonymous_1)","decl":{"start":{"line":15,"column":34},"end":{"line":15,"column":35}},"loc":{"start":{"line":15,"column":54},"end":{"line":24,"column":5}},"line":15}},"branchMap":{"0":{"loc":{"start":{"line":8,"column":14},"end":{"line":8,"column":75}},"type":"binary-expr","locations":[{"start":{"line":8,"column":14},"end":{"line":8,"column":43}},{"start":{"line":8,"column":47},"end":{"line":8,"column":75}}],"line":8},"1":{"loc":{"start":{"line":10,"column":2},"end":{"line":12,"column":3}},"type":"if","locations":[{"start":{"line":10,"column":2},"end":{"line":12,"column":3}},{"start":{},"end":{}}],"line":10},"2":{"loc":{"start":{"line":13,"column":2},"end":{"line":25,"column":3}},"type":"if","locations":[{"start":{"line":13,"column":2},"end":{"line":25,"column":3}},{"start":{},"end":{}}],"line":13},"3":{"loc":{"start":{"line":16,"column":6},"end":{"line":23,"column":7}},"type":"if","locations":[{"start":{"line":16,"column":6},"end":{"line":23,"column":7}},{"start":{"line":20,"column":13},"end":{"line":23,"column":7}}],"line":16}},"s":{"0":1,"1":1,"2":1,"3":1,"4":1,"5":0,"6":0,"7":0,"8":0,"9":0,"10":0,"11":0,"12":0,"13":0,"14":0,"15":1},"f":{"0":0,"1":0},"b":{"0":[0,0],"1":[0,0],"2":[0,0],"3":[0,0]},"_coverageSchema":"1a1c01bbd47fc00a2c39e90264f33305004495a9","hash":"9f91936a93e28cc7dc0ae303e4f049cfea0b93ee"}
,"C:\\Users\\dell\\Desktop\\node_api_rest_mongo_\\src\\middleware\\middleware_objects.js": {"path":"C:\\Users\\dell\\Desktop\\node_api_rest_mongo_\\src\\middleware\\middleware_objects.js","statementMap":{"0":{"start":{"line":3,"column":18},"end":{"line":24,"column":1}},"1":{"start":{"line":4,"column":2},"end":{"line":23,"column":4}},"2":{"start":{"line":6,"column":19},"end":{"line":6,"column":29}},"3":{"start":{"line":8,"column":4},"end":{"line":12,"column":5}},"4":{"start":{"line":9,"column":6},"end":{"line":11,"column":9}},"5":{"start":{"line":13,"column":4},"end":{"line":20,"column":5}},"6":{"start":{"line":14,"column":6},"end":{"line":14,"column":38}},"7":{"start":{"line":15,"column":6},"end":{"line":17,"column":7}},"8":{"start":{"line":16,"column":8},"end":{"line":16,"column":79}},"9":{"start":{"line":19,"column":6},"end":{"line":19,"column":62}},"10":{"start":{"line":21,"column":4},"end":{"line":21,"column":24}},"11":{"start":{"line":22,"column":4},"end":{"line":22,"column":11}},"12":{"start":{"line":26,"column":0},"end":{"line":26,"column":27}}},"fnMap":{"0":{"name":"(anonymous_0)","decl":{"start":{"line":3,"column":18},"end":{"line":3,"column":19}},"loc":{"start":{"line":3,"column":27},"end":{"line":24,"column":1}},"line":3},"1":{"name":"(anonymous_1)","decl":{"start":{"line":4,"column":9},"end":{"line":4,"column":10}},"loc":{"start":{"line":4,"column":35},"end":{"line":23,"column":3}},"line":4}},"branchMap":{"0":{"loc":{"start":{"line":8,"column":4},"end":{"line":12,"column":5}},"type":"if","locations":[{"start":{"line":8,"column":4},"end":{"line":12,"column":5}},{"start":{},"end":{}}],"line":8},"1":{"loc":{"start":{"line":15,"column":6},"end":{"line":17,"column":7}},"type":"if","locations":[{"start":{"line":15,"column":6},"end":{"line":17,"column":7}},{"start":{},"end":{}}],"line":15}},"s":{"0":1,"1":5,"2":0,"3":0,"4":0,"5":0,"6":0,"7":0,"8":0,"9":0,"10":0,"11":0,"12":1},"f":{"0":5,"1":0},"b":{"0":[0,0],"1":[0,0]},"_coverageSchema":"1a1c01bbd47fc00a2c39e90264f33305004495a9","hash":"1a410bed112de6a759e06d86bbe495555203b0a7"}
,"C:\\Users\\dell\\Desktop\\node_api_rest_mongo_\\src\\models\\book.model.js": {"path":"C:\\Users\\dell\\Desktop\\node_api_rest_mongo_\\src\\models\\book.model.js","statementMap":{"0":{"start":{"line":1,"column":17},"end":{"line":1,"column":36}},"1":{"start":{"line":3,"column":21},"end":{"line":11,"column":1}},"2":{"start":{"line":12,"column":15},"end":{"line":12,"column":53}},"3":{"start":{"line":14,"column":19},"end":{"line":24,"column":1}},"4":{"start":{"line":25,"column":13},"end":{"line":25,"column":47}},"5":{"start":{"line":27,"column":0},"end":{"line":27,"column":34}}},"fnMap":{},"branchMap":{},"s":{"0":1,"1":1,"2":1,"3":1,"4":1,"5":1},"f":{},"b":{},"_coverageSchema":"1a1c01bbd47fc00a2c39e90264f33305004495a9","hash":"999560e2163f8f948897842099c718712fd4166e"}
,"C:\\Users\\dell\\Desktop\\node_api_rest_mongo_\\src\\models\\user.model.js": {"path":"C:\\Users\\dell\\Desktop\\node_api_rest_mongo_\\src\\models\\user.model.js","statementMap":{"0":{"start":{"line":1,"column":17},"end":{"line":1,"column":36}},"1":{"start":{"line":2,"column":15},"end":{"line":2,"column":34}},"2":{"start":{"line":3,"column":27},"end":{"line":3,"column":47}},"3":{"start":{"line":5,"column":19},"end":{"line":15,"column":1}},"4":{"start":{"line":17,"column":0},"end":{"line":19,"column":2}},"5":{"start":{"line":18,"column":2},"end":{"line":18,"column":56}},"6":{"start":{"line":21,"column":0},"end":{"line":24,"column":2}},"7":{"start":{"line":22,"column":15},"end":{"line":22,"column":39}},"8":{"start":{"line":23,"column":2},"end":{"line":23,"column":43}},"9":{"start":{"line":26,"column":0},"end":{"line":28,"column":2}},"10":{"start":{"line":27,"column":2},"end":{"line":27,"column":55}},"11":{"start":{"line":31,"column":0},"end":{"line":31,"column":52}}},"fnMap":{"0":{"name":"(anonymous_0)","decl":{"start":{"line":17,"column":33},"end":{"line":17,"column":34}},"loc":{"start":{"line":17,"column":53},"end":{"line":19,"column":1}},"line":17},"1":{"name":"(anonymous_1)","decl":{"start":{"line":21,"column":36},"end":{"line":21,"column":37}},"loc":{"start":{"line":21,"column":56},"end":{"line":24,"column":1}},"line":21},"2":{"name":"(anonymous_2)","decl":{"start":{"line":26,"column":35},"end":{"line":26,"column":36}},"loc":{"start":{"line":26,"column":61},"end":{"line":28,"column":1}},"line":26}},"branchMap":{},"s":{"0":1,"1":1,"2":1,"3":1,"4":1,"5":0,"6":1,"7":0,"8":0,"9":1,"10":0,"11":1},"f":{"0":0,"1":0,"2":0},"b":{},"_coverageSchema":"1a1c01bbd47fc00a2c39e90264f33305004495a9","hash":"0c3b8614546c7fab489817bfe2c11ddc82c3acf4"}
,"C:\\Users\\dell\\Desktop\\node_api_rest_mongo_\\src\\routes\\author.routes.js": {"path":"C:\\Users\\dell\\Desktop\\node_api_rest_mongo_\\src\\routes\\author.routes.js","statementMap":{"0":{"start":{"line":1,"column":16},"end":{"line":1,"column":34}},"1":{"start":{"line":2,"column":15},"end":{"line":2,"column":31}},"2":{"start":{"line":3,"column":19},"end":{"line":3,"column":50}},"3":{"start":{"line":4,"column":28},"end":{"line":4,"column":54}},"4":{"start":{"line":14,"column":4},"end":{"line":14,"column":47}},"5":{"start":{"line":15,"column":18},"end":{"line":15,"column":61}},"6":{"start":{"line":16,"column":20},"end":{"line":16,"column":60}},"7":{"start":{"line":20,"column":0},"end":{"line":31,"column":3}},"8":{"start":{"line":21,"column":2},"end":{"line":30,"column":3}},"9":{"start":{"line":22,"column":20},"end":{"line":22,"column":39}},"10":{"start":{"line":23,"column":4},"end":{"line":23,"column":36}},"11":{"start":{"line":24,"column":4},"end":{"line":26,"column":5}},"12":{"start":{"line":25,"column":6},"end":{"line":25,"column":38}},"13":{"start":{"line":27,"column":4},"end":{"line":27,"column":22}},"14":{"start":{"line":29,"column":4},"end":{"line":29,"column":53}},"15":{"start":{"line":34,"column":0},"end":{"line":55,"column":3}},"16":{"start":{"line":35,"column":34},"end":{"line":35,"column":42}},"17":{"start":{"line":36,"column":2},"end":{"line":40,"column":3}},"18":{"start":{"line":37,"column":4},"end":{"line":39,"column":7}},"19":{"start":{"line":42,"column":17},"end":{"line":45,"column":4}},"20":{"start":{"line":47,"column":2},"end":{"line":54,"column":3}},"21":{"start":{"line":48,"column":22},"end":{"line":48,"column":41}},"22":{"start":{"line":49,"column":4},"end":{"line":49,"column":36}},"23":{"start":{"line":51,"column":4},"end":{"line":53,"column":7}},"24":{"start":{"line":58,"column":0},"end":{"line":60,"column":3}},"25":{"start":{"line":59,"column":2},"end":{"line":59,"column":23}},"26":{"start":{"line":63,"column":0},"end":{"line":73,"column":3}},"27":{"start":{"line":64,"column":2},"end":{"line":72,"column":3}},"28":{"start":{"line":65,"column":19},"end":{"line":65,"column":29}},"29":{"start":{"line":66,"column":4},"end":{"line":66,"column":47}},"30":{"start":{"line":68,"column":25},"end":{"line":68,"column":44}},"31":{"start":{"line":69,"column":4},"end":{"line":69,"column":27}},"32":{"start":{"line":71,"column":4},"end":{"line":71,"column":53}},"33":{"start":{"line":76,"column":0},"end":{"line":89,"column":3}},"34":{"start":{"line":77,"column":2},"end":{"line":79,"column":3}},"35":{"start":{"line":78,"column":4},"end":{"line":78,"column":55}},"36":{"start":{"line":80,"column":2},"end":{"line":88,"column":3}},"37":{"start":{"line":81,"column":19},"end":{"line":81,"column":29}},"38":{"start":{"line":82,"column":4},"end":{"line":82,"column":47}},"39":{"start":{"line":84,"column":25},"end":{"line":84,"column":44}},"40":{"start":{"line":85,"column":4},"end":{"line":85,"column":27}},"41":{"start":{"line":87,"column":4},"end":{"line":87,"column":53}},"42":{"start":{"line":92,"column":0},"end":{"line":102,"column":3}},"43":{"start":{"line":93,"column":2},"end":{"line":101,"column":3}},"44":{"start":{"line":94,"column":19},"end":{"line":94,"column":29}},"45":{"start":{"line":95,"column":4},"end":{"line":97,"column":7}},"46":{"start":{"line":98,"column":4},"end":{"line":98,"column":72}},"47":{"start":{"line":100,"column":4},"end":{"line":100,"column":53}},"48":{"start":{"line":106,"column":0},"end":{"line":106,"column":62}},"49":{"start":{"line":107,"column":0},"end":{"line":107,"column":69}},"50":{"start":{"line":108,"column":0},"end":{"line":108,"column":59}},"51":{"start":{"line":109,"column":0},"end":{"line":109,"column":65}},"52":{"start":{"line":110,"column":0},"end":{"line":110,"column":63}},"53":{"start":{"line":111,"column":0},"end":{"line":111,"column":68}},"54":{"start":{"line":113,"column":0},"end":{"line":113,"column":24}}},"fnMap":{"0":{"name":"(anonymous_0)","decl":{"start":{"line":20,"column":29},"end":{"line":20,"column":30}},"loc":{"start":{"line":20,"column":49},"end":{"line":31,"column":1}},"line":20},"1":{"name":"(anonymous_1)","decl":{"start":{"line":34,"column":17},"end":{"line":34,"column":18}},"loc":{"start":{"line":34,"column":37},"end":{"line":55,"column":1}},"line":34},"2":{"name":"(anonymous_2)","decl":{"start":{"line":58,"column":51},"end":{"line":58,"column":52}},"loc":{"start":{"line":58,"column":71},"end":{"line":60,"column":1}},"line":58},"3":{"name":"(anonymous_3)","decl":{"start":{"line":63,"column":51},"end":{"line":63,"column":52}},"loc":{"start":{"line":63,"column":71},"end":{"line":73,"column":1}},"line":63},"4":{"name":"(anonymous_4)","decl":{"start":{"line":76,"column":53},"end":{"line":76,"column":54}},"loc":{"start":{"line":76,"column":73},"end":{"line":89,"column":1}},"line":76},"5":{"name":"(anonymous_5)","decl":{"start":{"line":92,"column":54},"end":{"line":92,"column":55}},"loc":{"start":{"line":92,"column":74},"end":{"line":102,"column":1}},"line":92}},"branchMap":{"0":{"loc":{"start":{"line":24,"column":4},"end":{"line":26,"column":5}},"type":"if","locations":[{"start":{"line":24,"column":4},"end":{"line":26,"column":5}},{"start":{},"end":{}}],"line":24},"1":{"loc":{"start":{"line":36,"column":2},"end":{"line":40,"column":3}},"type":"if","locations":[{"start":{"line":36,"column":2},"end":{"line":40,"column":3}},{"start":{},"end":{}}],"line":36},"2":{"loc":{"start":{"line":66,"column":18},"end":{"line":66,"column":46}},"type":"binary-expr","locations":[{"start":{"line":66,"column":18},"end":{"line":66,"column":31}},{"start":{"line":66,"column":35},"end":{"line":66,"column":46}}],"line":66},"3":{"loc":{"start":{"line":77,"column":2},"end":{"line":79,"column":3}},"type":"if","locations":[{"start":{"line":77,"column":2},"end":{"line":79,"column":3}},{"start":{},"end":{}}],"line":77},"4":{"loc":{"start":{"line":82,"column":18},"end":{"line":82,"column":46}},"type":"binary-expr","locations":[{"start":{"line":82,"column":18},"end":{"line":82,"column":31}},{"start":{"line":82,"column":35},"end":{"line":82,"column":46}}],"line":82}},"s":{"0":1,"1":1,"2":1,"3":1,"4":1,"5":1,"6":1,"7":1,"8":0,"9":0,"10":0,"11":0,"12":0,"13":0,"14":0,"15":1,"16":1,"17":1,"18":0,"19":1,"20":1,"21":1,"22":1,"23":0,"24":1,"25":0,"26":1,"27":0,"28":0,"29":0,"30":0,"31":0,"32":0,"33":1,"34":0,"35":0,"36":0,"37":0,"38":0,"39":0,"40":0,"41":0,"42":1,"43":0,"44":0,"45":0,"46":0,"47":0,"48":1,"49":1,"50":1,"51":1,"52":1,"53":1,"54":1},"f":{"0":0,"1":1,"2":0,"3":0,"4":0,"5":0},"b":{"0":[0,0],"1":[0,1],"2":[0,0],"3":[0,0],"4":[0,0]},"_coverageSchema":"1a1c01bbd47fc00a2c39e90264f33305004495a9","hash":"aa621e6c028c341540ef97b61a65b3def7c8c94a"}
,"C:\\Users\\dell\\Desktop\\node_api_rest_mongo_\\src\\routes\\book.routes.js": {"path":"C:\\Users\\dell\\Desktop\\node_api_rest_mongo_\\src\\routes\\book.routes.js","statementMap":{"0":{"start":{"line":1,"column":16},"end":{"line":1,"column":34}},"1":{"start":{"line":2,"column":15},"end":{"line":2,"column":31}},"2":{"start":{"line":3,"column":17},"end":{"line":3,"column":48}},"3":{"start":{"line":6,"column":16},"end":{"line":25,"column":1}},"4":{"start":{"line":8,"column":17},"end":{"line":8,"column":27}},"5":{"start":{"line":10,"column":2},"end":{"line":14,"column":3}},"6":{"start":{"line":11,"column":4},"end":{"line":13,"column":7}},"7":{"start":{"line":15,"column":2},"end":{"line":22,"column":3}},"8":{"start":{"line":16,"column":4},"end":{"line":16,"column":35}},"9":{"start":{"line":17,"column":4},"end":{"line":19,"column":5}},"10":{"start":{"line":18,"column":6},"end":{"line":18,"column":65}},"11":{"start":{"line":21,"column":4},"end":{"line":21,"column":60}},"12":{"start":{"line":23,"column":2},"end":{"line":23,"column":18}},"13":{"start":{"line":24,"column":2},"end":{"line":24,"column":9}},"14":{"start":{"line":28,"column":0},"end":{"line":39,"column":3}},"15":{"start":{"line":29,"column":2},"end":{"line":38,"column":3}},"16":{"start":{"line":30,"column":18},"end":{"line":30,"column":35}},"17":{"start":{"line":31,"column":4},"end":{"line":31,"column":34}},"18":{"start":{"line":32,"column":4},"end":{"line":34,"column":5}},"19":{"start":{"line":33,"column":6},"end":{"line":33,"column":38}},"20":{"start":{"line":35,"column":4},"end":{"line":35,"column":20}},"21":{"start":{"line":37,"column":4},"end":{"line":37,"column":53}},"22":{"start":{"line":42,"column":0},"end":{"line":66,"column":3}},"23":{"start":{"line":43,"column":53},"end":{"line":43,"column":62}},"24":{"start":{"line":44,"column":2},"end":{"line":48,"column":3}},"25":{"start":{"line":45,"column":4},"end":{"line":47,"column":7}},"26":{"start":{"line":50,"column":15},"end":{"line":55,"column":4}},"27":{"start":{"line":57,"column":2},"end":{"line":65,"column":3}},"28":{"start":{"line":58,"column":20},"end":{"line":58,"column":37}},"29":{"start":{"line":59,"column":4},"end":{"line":59,"column":25}},"30":{"start":{"line":60,"column":4},"end":{"line":60,"column":34}},"31":{"start":{"line":62,"column":4},"end":{"line":64,"column":7}},"32":{"start":{"line":68,"column":0},"end":{"line":70,"column":3}},"33":{"start":{"line":69,"column":2},"end":{"line":69,"column":21}},"34":{"start":{"line":73,"column":0},"end":{"line":86,"column":3}},"35":{"start":{"line":74,"column":2},"end":{"line":85,"column":3}},"36":{"start":{"line":75,"column":17},"end":{"line":75,"column":25}},"37":{"start":{"line":76,"column":4},"end":{"line":76,"column":46}},"38":{"start":{"line":77,"column":4},"end":{"line":77,"column":49}},"39":{"start":{"line":78,"column":4},"end":{"line":78,"column":46}},"40":{"start":{"line":79,"column":4},"end":{"line":79,"column":79}},"41":{"start":{"line":81,"column":23},"end":{"line":81,"column":40}},"42":{"start":{"line":82,"column":4},"end":{"line":82,"column":25}},"43":{"start":{"line":84,"column":4},"end":{"line":84,"column":53}},"44":{"start":{"line":89,"column":0},"end":{"line":110,"column":3}},"45":{"start":{"line":90,"column":2},"end":{"line":97,"column":3}},"46":{"start":{"line":96,"column":4},"end":{"line":96,"column":55}},"47":{"start":{"line":98,"column":2},"end":{"line":109,"column":3}},"48":{"start":{"line":99,"column":17},"end":{"line":99,"column":25}},"49":{"start":{"line":100,"column":4},"end":{"line":100,"column":46}},"50":{"start":{"line":101,"column":4},"end":{"line":101,"column":49}},"51":{"start":{"line":102,"column":4},"end":{"line":102,"column":46}},"52":{"start":{"line":103,"column":4},"end":{"line":103,"column":79}},"53":{"start":{"line":105,"column":23},"end":{"line":105,"column":40}},"54":{"start":{"line":106,"column":4},"end":{"line":106,"column":25}},"55":{"start":{"line":108,"column":4},"end":{"line":108,"column":53}},"56":{"start":{"line":113,"column":0},"end":{"line":123,"column":3}},"57":{"start":{"line":114,"column":2},"end":{"line":122,"column":3}},"58":{"start":{"line":115,"column":17},"end":{"line":115,"column":25}},"59":{"start":{"line":116,"column":4},"end":{"line":118,"column":7}},"60":{"start":{"line":119,"column":4},"end":{"line":119,"column":73}},"61":{"start":{"line":121,"column":4},"end":{"line":121,"column":53}},"62":{"start":{"line":125,"column":0},"end":{"line":125,"column":24}}},"fnMap":{"0":{"name":"(anonymous_0)","decl":{"start":{"line":6,"column":16},"end":{"line":6,"column":17}},"loc":{"start":{"line":6,"column":42},"end":{"line":25,"column":1}},"line":6},"1":{"name":"(anonymous_1)","decl":{"start":{"line":28,"column":16},"end":{"line":28,"column":17}},"loc":{"start":{"line":28,"column":36},"end":{"line":39,"column":1}},"line":28},"2":{"name":"(anonymous_2)","decl":{"start":{"line":42,"column":17},"end":{"line":42,"column":18}},"loc":{"start":{"line":42,"column":37},"end":{"line":66,"column":1}},"line":42},"3":{"name":"(anonymous_3)","decl":{"start":{"line":68,"column":28},"end":{"line":68,"column":29}},"loc":{"start":{"line":68,"column":48},"end":{"line":70,"column":1}},"line":68},"4":{"name":"(anonymous_4)","decl":{"start":{"line":73,"column":28},"end":{"line":73,"column":29}},"loc":{"start":{"line":73,"column":48},"end":{"line":86,"column":1}},"line":73},"5":{"name":"(anonymous_5)","decl":{"start":{"line":89,"column":30},"end":{"line":89,"column":31}},"loc":{"start":{"line":89,"column":50},"end":{"line":110,"column":1}},"line":89},"6":{"name":"(anonymous_6)","decl":{"start":{"line":113,"column":31},"end":{"line":113,"column":32}},"loc":{"start":{"line":113,"column":51},"end":{"line":123,"column":1}},"line":113}},"branchMap":{"0":{"loc":{"start":{"line":10,"column":2},"end":{"line":14,"column":3}},"type":"if","locations":[{"start":{"line":10,"column":2},"end":{"line":14,"column":3}},{"start":{},"end":{}}],"line":10},"1":{"loc":{"start":{"line":17,"column":4},"end":{"line":19,"column":5}},"type":"if","locations":[{"start":{"line":17,"column":4},"end":{"line":19,"column":5}},{"start":{},"end":{}}],"line":17},"2":{"loc":{"start":{"line":32,"column":4},"end":{"line":34,"column":5}},"type":"if","locations":[{"start":{"line":32,"column":4},"end":{"line":34,"column":5}},{"start":{},"end":{}}],"line":32},"3":{"loc":{"start":{"line":44,"column":2},"end":{"line":48,"column":3}},"type":"if","locations":[{"start":{"line":44,"column":2},"end":{"line":48,"column":3}},{"start":{},"end":{}}],"line":44},"4":{"loc":{"start":{"line":44,"column":6},"end":{"line":44,"column":54}},"type":"binary-expr","locations":[{"start":{"line":44,"column":6},"end":{"line":44,"column":12}},{"start":{"line":44,"column":16},"end":{"line":44,"column":22}},{"start":{"line":44,"column":26},"end":{"line":44,"column":43}},{"start":{"line":44,"column":47},"end":{"line":44,"column":54}}],"line":44},"5":{"loc":{"start":{"line":76,"column":17},"end":{"line":76,"column":45}},"type":"binary-expr","locations":[{"start":{"line":76,"column":17},"end":{"line":76,"column":31}},{"start":{"line":76,"column":35},"end":{"line":76,"column":45}}],"line":76},"6":{"loc":{"start":{"line":77,"column":18},"end":{"line":77,"column":48}},"type":"binary-expr","locations":[{"start":{"line":77,"column":18},"end":{"line":77,"column":33}},{"start":{"line":77,"column":37},"end":{"line":77,"column":48}}],"line":77},"7":{"loc":{"start":{"line":78,"column":17},"end":{"line":78,"column":45}},"type":"binary-expr","locations":[{"start":{"line":78,"column":17},"end":{"line":78,"column":31}},{"start":{"line":78,"column":35},"end":{"line":78,"column":45}}],"line":78},"8":{"loc":{"start":{"line":79,"column":28},"end":{"line":79,"column":78}},"type":"binary-expr","locations":[{"start":{"line":79,"column":28},"end":{"line":79,"column":53}},{"start":{"line":79,"column":57},"end":{"line":79,"column":78}}],"line":79},"9":{"loc":{"start":{"line":90,"column":2},"end":{"line":97,"column":3}},"type":"if","locations":[{"start":{"line":90,"column":2},"end":{"line":97,"column":3}},{"start":{},"end":{}}],"line":90},"10":{"loc":{"start":{"line":91,"column":4},"end":{"line":94,"column":30}},"type":"binary-expr","locations":[{"start":{"line":91,"column":4},"end":{"line":91,"column":19}},{"start":{"line":92,"column":4},"end":{"line":92,"column":20}},{"start":{"line":93,"column":4},"end":{"line":93,"column":19}},{"start":{"line":94,"column":4},"end":{"line":94,"column":30}}],"line":91},"11":{"loc":{"start":{"line":100,"column":17},"end":{"line":100,"column":45}},"type":"binary-expr","locations":[{"start":{"line":100,"column":17},"end":{"line":100,"column":31}},{"start":{"line":100,"column":35},"end":{"line":100,"column":45}}],"line":100},"12":{"loc":{"start":{"line":101,"column":18},"end":{"line":101,"column":48}},"type":"binary-expr","locations":[{"start":{"line":101,"column":18},"end":{"line":101,"column":33}},{"start":{"line":101,"column":37},"end":{"line":101,"column":48}}],"line":101},"13":{"loc":{"start":{"line":102,"column":17},"end":{"line":102,"column":45}},"type":"binary-expr","locations":[{"start":{"line":102,"column":17},"end":{"line":102,"column":31}},{"start":{"line":102,"column":35},"end":{"line":102,"column":45}}],"line":102},"14":{"loc":{"start":{"line":103,"column":28},"end":{"line":103,"column":78}},"type":"binary-expr","locations":[{"start":{"line":103,"column":28},"end":{"line":103,"column":53}},{"start":{"line":103,"column":57},"end":{"line":103,"column":78}}],"line":103}},"s":{"0":1,"1":1,"2":1,"3":1,"4":0,"5":0,"6":0,"7":0,"8":0,"9":0,"10":0,"11":0,"12":0,"13":0,"14":1,"15":0,"16":0,"17":0,"18":0,"19":0,"20":0,"21":0,"22":1,"23":0,"24":0,"25":0,"26":0,"27":0,"28":0,"29":0,"30":0,"31":0,"32":1,"33":0,"34":1,"35":0,"36":0,"37":0,"38":0,"39":0,"40":0,"41":0,"42":0,"43":0,"44":1,"45":0,"46":0,"47":0,"48":0,"49":0,"50":0,"51":0,"52":0,"53":0,"54":0,"55":0,"56":1,"57":0,"58":0,"59":0,"60":0,"61":0,"62":1},"f":{"0":0,"1":0,"2":0,"3":0,"4":0,"5":0,"6":0},"b":{"0":[0,0],"1":[0,0],"2":[0,0],"3":[0,0],"4":[0,0,0,0],"5":[0,0],"6":[0,0],"7":[0,0],"8":[0,0],"9":[0,0],"10":[0,0,0,0],"11":[0,0],"12":[0,0],"13":[0,0],"14":[0,0]},"_coverageSchema":"1a1c01bbd47fc00a2c39e90264f33305004495a9","hash":"0ddad9528521c733321d54de3ecdb9c0867a9136"}
,"C:\\Users\\dell\\Desktop\\node_api_rest_mongo_\\src\\routes\\index.routes.js": {"path":"C:\\Users\\dell\\Desktop\\node_api_rest_mongo_\\src\\routes\\index.routes.js","statementMap":{"0":{"start":{"line":1,"column":16},"end":{"line":1,"column":34}},"1":{"start":{"line":2,"column":15},"end":{"line":2,"column":31}},"2":{"start":{"line":3,"column":37},"end":{"line":3,"column":79}},"3":{"start":{"line":5,"column":0},"end":{"line":5,"column":29}},"4":{"start":{"line":6,"column":0},"end":{"line":6,"column":34}},"5":{"start":{"line":8,"column":0},"end":{"line":8,"column":24}}},"fnMap":{},"branchMap":{},"s":{"0":1,"1":1,"2":1,"3":1,"4":1,"5":1},"f":{},"b":{},"_coverageSchema":"1a1c01bbd47fc00a2c39e90264f33305004495a9","hash":"b185dc4421057ddc0ec09dc3d2cf9e1744cdcf2d"}
,"C:\\Users\\dell\\Desktop\\node_api_rest_mongo_\\src\\routes\\user.routes.js": {"path":"C:\\Users\\dell\\Desktop\\node_api_rest_mongo_\\src\\routes\\user.routes.js","statementMap":{"0":{"start":{"line":1,"column":16},"end":{"line":1,"column":34}},"1":{"start":{"line":2,"column":15},"end":{"line":2,"column":44}},"2":{"start":{"line":3,"column":15},"end":{"line":3,"column":31}},"3":{"start":{"line":4,"column":12},"end":{"line":4,"column":35}},"4":{"start":{"line":5,"column":36},"end":{"line":5,"column":56}},"5":{"start":{"line":6,"column":13},"end":{"line":6,"column":44}},"6":{"start":{"line":13,"column":4},"end":{"line":13,"column":45}},"7":{"start":{"line":14,"column":18},"end":{"line":14,"column":61}},"8":{"start":{"line":15,"column":20},"end":{"line":15,"column":60}},"9":{"start":{"line":19,"column":0},"end":{"line":29,"column":3}},"10":{"start":{"line":20,"column":2},"end":{"line":28,"column":3}},"11":{"start":{"line":21,"column":18},"end":{"line":21,"column":35}},"12":{"start":{"line":22,"column":4},"end":{"line":24,"column":5}},"13":{"start":{"line":23,"column":6},"end":{"line":23,"column":38}},"14":{"start":{"line":25,"column":4},"end":{"line":25,"column":20}},"15":{"start":{"line":27,"column":4},"end":{"line":27,"column":53}},"16":{"start":{"line":32,"column":0},"end":{"line":70,"column":3}},"17":{"start":{"line":33,"column":54},"end":{"line":33,"column":62}},"18":{"start":{"line":34,"column":2},"end":{"line":38,"column":3}},"19":{"start":{"line":35,"column":4},"end":{"line":37,"column":7}},"20":{"start":{"line":39,"column":2},"end":{"line":43,"column":3}},"21":{"start":{"line":40,"column":4},"end":{"line":42,"column":7}},"22":{"start":{"line":44,"column":2},"end":{"line":48,"column":3}},"23":{"start":{"line":45,"column":4},"end":{"line":47,"column":7}},"24":{"start":{"line":49,"column":20},"end":{"line":49,"column":56}},"25":{"start":{"line":50,"column":2},"end":{"line":69,"column":3}},"26":{"start":{"line":51,"column":4},"end":{"line":53,"column":7}},"27":{"start":{"line":55,"column":20},"end":{"line":55,"column":55}},"28":{"start":{"line":56,"column":4},"end":{"line":68,"column":5}},"29":{"start":{"line":57,"column":6},"end":{"line":60,"column":7}},"30":{"start":{"line":58,"column":29},"end":{"line":58,"column":37}},"31":{"start":{"line":59,"column":8},"end":{"line":59,"column":60}},"32":{"start":{"line":61,"column":6},"end":{"line":61,"column":64}},"33":{"start":{"line":62,"column":6},"end":{"line":62,"column":27}},"34":{"start":{"line":63,"column":6},"end":{"line":63,"column":74}},"35":{"start":{"line":65,"column":6},"end":{"line":67,"column":9}},"36":{"start":{"line":73,"column":0},"end":{"line":75,"column":3}},"37":{"start":{"line":74,"column":2},"end":{"line":74,"column":23}},"38":{"start":{"line":78,"column":0},"end":{"line":108,"column":3}},"39":{"start":{"line":79,"column":2},"end":{"line":107,"column":3}},"40":{"start":{"line":80,"column":4},"end":{"line":80,"column":27}},"41":{"start":{"line":81,"column":32},"end":{"line":81,"column":40}},"42":{"start":{"line":82,"column":4},"end":{"line":86,"column":5}},"43":{"start":{"line":83,"column":6},"end":{"line":85,"column":9}},"44":{"start":{"line":87,"column":17},"end":{"line":87,"column":46}},"45":{"start":{"line":88,"column":4},"end":{"line":104,"column":5}},"46":{"start":{"line":90,"column":20},"end":{"line":90,"column":54}},"47":{"start":{"line":91,"column":6},"end":{"line":101,"column":7}},"48":{"start":{"line":92,"column":22},"end":{"line":94,"column":10}},"49":{"start":{"line":95,"column":26},"end":{"line":95,"column":58}},"50":{"start":{"line":96,"column":8},"end":{"line":98,"column":68}},"51":{"start":{"line":100,"column":8},"end":{"line":100,"column":71}},"52":{"start":{"line":103,"column":6},"end":{"line":103,"column":65}},"53":{"start":{"line":106,"column":4},"end":{"line":106,"column":80}},"54":{"start":{"line":112,"column":0},"end":{"line":112,"column":46}},"55":{"start":{"line":113,"column":0},"end":{"line":113,"column":61}},"56":{"start":{"line":114,"column":0},"end":{"line":114,"column":46}},"57":{"start":{"line":115,"column":0},"end":{"line":115,"column":37}},"58":{"start":{"line":116,"column":0},"end":{"line":116,"column":36}},"59":{"start":{"line":118,"column":0},"end":{"line":118,"column":24}}},"fnMap":{"0":{"name":"(anonymous_0)","decl":{"start":{"line":19,"column":29},"end":{"line":19,"column":30}},"loc":{"start":{"line":19,"column":49},"end":{"line":29,"column":1}},"line":19},"1":{"name":"(anonymous_1)","decl":{"start":{"line":32,"column":54},"end":{"line":32,"column":55}},"loc":{"start":{"line":32,"column":74},"end":{"line":70,"column":1}},"line":32},"2":{"name":"(anonymous_2)","decl":{"start":{"line":73,"column":36},"end":{"line":73,"column":37}},"loc":{"start":{"line":73,"column":56},"end":{"line":75,"column":1}},"line":73},"3":{"name":"(anonymous_3)","decl":{"start":{"line":78,"column":22},"end":{"line":78,"column":23}},"loc":{"start":{"line":78,"column":42},"end":{"line":108,"column":1}},"line":78}},"branchMap":{"0":{"loc":{"start":{"line":22,"column":4},"end":{"line":24,"column":5}},"type":"if","locations":[{"start":{"line":22,"column":4},"end":{"line":24,"column":5}},{"start":{},"end":{}}],"line":22},"1":{"loc":{"start":{"line":34,"column":2},"end":{"line":38,"column":3}},"type":"if","locations":[{"start":{"line":34,"column":2},"end":{"line":38,"column":3}},{"start":{},"end":{}}],"line":34},"2":{"loc":{"start":{"line":34,"column":6},"end":{"line":34,"column":55}},"type":"binary-expr","locations":[{"start":{"line":34,"column":6},"end":{"line":34,"column":11}},{"start":{"line":34,"column":15},"end":{"line":34,"column":21}},{"start":{"line":34,"column":25},"end":{"line":34,"column":34}},{"start":{"line":34,"column":38},"end":{"line":34,"column":55}}],"line":34},"3":{"loc":{"start":{"line":39,"column":2},"end":{"line":43,"column":3}},"type":"if","locations":[{"start":{"line":39,"column":2},"end":{"line":43,"column":3}},{"start":{},"end":{}}],"line":39},"4":{"loc":{"start":{"line":44,"column":2},"end":{"line":48,"column":3}},"type":"if","locations":[{"start":{"line":44,"column":2},"end":{"line":48,"column":3}},{"start":{},"end":{}}],"line":44},"5":{"loc":{"start":{"line":50,"column":2},"end":{"line":69,"column":3}},"type":"if","locations":[{"start":{"line":50,"column":2},"end":{"line":69,"column":3}},{"start":{"line":54,"column":9},"end":{"line":69,"column":3}}],"line":50},"6":{"loc":{"start":{"line":57,"column":6},"end":{"line":60,"column":7}},"type":"if","locations":[{"start":{"line":57,"column":6},"end":{"line":60,"column":7}},{"start":{},"end":{}}],"line":57},"7":{"loc":{"start":{"line":82,"column":4},"end":{"line":86,"column":5}},"type":"if","locations":[{"start":{"line":82,"column":4},"end":{"line":86,"column":5}},{"start":{},"end":{}}],"line":82},"8":{"loc":{"start":{"line":82,"column":8},"end":{"line":82,"column":27}},"type":"binary-expr","locations":[{"start":{"line":82,"column":8},"end":{"line":82,"column":14}},{"start":{"line":82,"column":18},"end":{"line":82,"column":27}}],"line":82},"9":{"loc":{"start":{"line":88,"column":4},"end":{"line":104,"column":5}},"type":"if","locations":[{"start":{"line":88,"column":4},"end":{"line":104,"column":5}},{"start":{"line":102,"column":11},"end":{"line":104,"column":5}}],"line":88},"10":{"loc":{"start":{"line":91,"column":6},"end":{"line":101,"column":7}},"type":"if","locations":[{"start":{"line":91,"column":6},"end":{"line":101,"column":7}},{"start":{"line":99,"column":13},"end":{"line":101,"column":7}}],"line":91}},"s":{"0":1,"1":1,"2":1,"3":1,"4":1,"5":1,"6":1,"7":1,"8":1,"9":1,"10":0,"11":0,"12":0,"13":0,"14":0,"15":0,"16":1,"17":0,"18":0,"19":0,"20":0,"21":0,"22":0,"23":0,"24":0,"25":0,"26":0,"27":0,"28":0,"29":0,"30":0,"31":0,"32":0,"33":0,"34":0,"35":0,"36":1,"37":0,"38":1,"39":0,"40":0,"41":0,"42":0,"43":0,"44":0,"45":0,"46":0,"47":0,"48":0,"49":0,"50":0,"51":0,"52":0,"53":0,"54":1,"55":1,"56":1,"57":1,"58":1,"59":1},"f":{"0":0,"1":0,"2":0,"3":0},"b":{"0":[0,0],"1":[0,0],"2":[0,0,0,0],"3":[0,0],"4":[0,0],"5":[0,0],"6":[0,0],"7":[0,0],"8":[0,0],"9":[0,0],"10":[0,0]},"_coverageSchema":"1a1c01bbd47fc00a2c39e90264f33305004495a9","hash":"6cd9429f15847a68ea7b7c8a6d9e45e050fc6fa3"}
}
